0 info it worked if it ends with ok
1 verbose cli [ 'C:\\Program Files\\nodejs\\node.exe',
1 verbose cli   'C:\\Program Files\\nodejs\\node_modules\\npm\\bin\\npm-cli.js',
1 verbose cli   'publish' ]
2 info using npm@3.10.10
3 info using node@v6.11.2
4 verbose publish [ '.' ]
5 silly cache add args [ '.', null ]
6 verbose cache add spec .
7 silly cache add parsed spec Result {
7 silly cache add   raw: '.',
7 silly cache add   scope: null,
7 silly cache add   escapedName: null,
7 silly cache add   name: null,
7 silly cache add   rawSpec: '.',
7 silly cache add   spec: 'F:\\dev\\simplifyLibrary',
7 silly cache add   type: 'directory' }
8 verbose addLocalDirectory C:\Users\frontender\AppData\Roaming\npm-cache\simplifyjs\0.0.5\package.tgz not in flight; packing
9 verbose correctMkdir C:\Users\frontender\AppData\Roaming\npm-cache correctMkdir not in flight; initializing
10 info lifecycle simplifyjs@0.0.5~prepublish: simplifyjs@0.0.5
11 silly lifecycle simplifyjs@0.0.5~prepublish: no script for prepublish, continuing
12 verbose tar pack [ 'C:\\Users\\frontender\\AppData\\Roaming\\npm-cache\\simplifyjs\\0.0.5\\package.tgz',
12 verbose tar pack   'F:\\dev\\simplifyLibrary' ]
13 verbose tarball C:\Users\frontender\AppData\Roaming\npm-cache\simplifyjs\0.0.5\package.tgz
14 verbose folder F:\dev\simplifyLibrary
15 verbose addLocalTarball adding from inside cache C:\Users\frontender\AppData\Roaming\npm-cache\simplifyjs\0.0.5\package.tgz
16 verbose correctMkdir C:\Users\frontender\AppData\Roaming\npm-cache correctMkdir not in flight; initializing
17 silly cache afterAdd simplifyjs@0.0.5
18 verbose afterAdd C:\Users\frontender\AppData\Roaming\npm-cache\simplifyjs\0.0.5\package\package.json not in flight; writing
19 verbose correctMkdir C:\Users\frontender\AppData\Roaming\npm-cache correctMkdir not in flight; initializing
20 verbose afterAdd C:\Users\frontender\AppData\Roaming\npm-cache\simplifyjs\0.0.5\package\package.json written
21 silly publish { name: 'simplifyjs',
21 silly publish   version: '0.0.5',
21 silly publish   description: 'simplify.js is a functional Javascript library.It is a speed-fast library for working with objects and arrays.',
21 silly publish   main: 'library/simplify.min.js',
21 silly publish   scripts:
21 silly publish    { test: 'echo "Error: no test specified" && exit 1',
21 silly publish      'start:dev': 'webpack-dev-server --hot --inline',
21 silly publish      build: 'webpack --env build' },
21 silly publish   repository:
21 silly publish    { type: 'git',
21 silly publish      url: 'git+https://github.com/Yuricoden/simplify-dev.git' },
21 silly publish   keywords: [ '"functional-library"', '"functional-js"' ],
21 silly publish   author: { name: 'Yuri Zheludkov' },
21 silly publish   license: 'ISC',
21 silly publish   bugs: { url: 'https://github.com/Yuricoden/simplify-dev/issues' },
21 silly publish   readme: 'README.md',
21 silly publish   homepage: 'https://github.com/Yuricoden/simplify-dev#readme',
21 silly publish   devDependencies:
21 silly publish    { 'babel-cli': '^6.26.0',
21 silly publish      'babel-core': '^6.26.0',
21 silly publish      'babel-eslint': '^8.0.3',
21 silly publish      'babel-loader': '^7.1.2',
21 silly publish      'babel-plugin-add-module-exports': '^0.2.1',
21 silly publish      'babel-preset-env': '^1.6.1',
21 silly publish      eslint: '^4.13.1',
21 silly publish      'eslint-config-airbnb-base': '^12.1.0',
21 silly publish      'eslint-config-airbnb-standard': '^1.6.5',
21 silly publish      'eslint-loader': '^1.9.0',
21 silly publish      'eslint-plugin-import': '^2.8.0',
21 silly publish      'eslint-plugin-node': '^5.2.1',
21 silly publish      'eslint-plugin-promise': '^3.6.0',
21 silly publish      jest: '^21.2.1',
21 silly publish      'uglifyjs-webpack-plugin': '^1.1.4',
21 silly publish      webpack: '^3.10.0',
21 silly publish      'webpack-dev-server': '^2.9.7' },
21 silly publish   gitHead: '41d6dd53b8cea2d2a8c51d47a5a27b7f588b7e8d',
21 silly publish   _id: 'simplifyjs@0.0.5',
21 silly publish   _shasum: '2644f1ca5882c0906b501e07c967946eee9f58e2',
21 silly publish   _from: '.' }
22 verbose getPublishConfig undefined
23 silly mapToRegistry name simplifyjs
24 silly mapToRegistry using default registry
25 silly mapToRegistry registry https://registry.npmjs.org/
26 silly mapToRegistry data Result {
26 silly mapToRegistry   raw: 'simplifyjs',
26 silly mapToRegistry   scope: null,
26 silly mapToRegistry   escapedName: 'simplifyjs',
26 silly mapToRegistry   name: 'simplifyjs',
26 silly mapToRegistry   rawSpec: '',
26 silly mapToRegistry   spec: 'latest',
26 silly mapToRegistry   type: 'tag' }
27 silly mapToRegistry uri https://registry.npmjs.org/simplifyjs
28 verbose publish registryBase https://registry.npmjs.org/
29 silly publish uploading C:\Users\frontender\AppData\Roaming\npm-cache\simplifyjs\0.0.5\package.tgz
30 verbose request uri https://registry.npmjs.org/simplifyjs
31 verbose request sending authorization for write operation
32 info attempt registry request try #1 at 00:30:10
33 verbose request using bearer token for auth
34 verbose request id 91496152ab8c17d1
35 http request PUT https://registry.npmjs.org/simplifyjs
36 http 403 https://registry.npmjs.org/simplifyjs
37 verbose headers { 'content-type': 'application/json',
37 verbose headers   'cache-control': 'max-age=300',
37 verbose headers   'content-length': '169',
37 verbose headers   'accept-ranges': 'bytes',
37 verbose headers   date: 'Sat, 23 Dec 2017 22:30:17 GMT',
37 verbose headers   via: '1.1 varnish',
37 verbose headers   connection: 'keep-alive',
37 verbose headers   'x-served-by': 'cache-fra1223-FRA',
37 verbose headers   'x-cache': 'MISS',
37 verbose headers   'x-cache-hits': '0',
37 verbose headers   'x-timer': 'S1514068216.124147,VS0,VE1222',
37 verbose headers   vary: 'Accept-Encoding, Accept' }
38 verbose request invalidating C:\Users\frontender\AppData\Roaming\npm-cache\registry.npmjs.org\simplifyjs on PUT
39 error publish Failed PUT 403
40 verbose stack Error: Package name too similar to existing packages; try renaming your package to '@yuricoden/simplifyjs' and publishing with 'npm publish --access=public' instead : simplifyjs
40 verbose stack     at makeError (C:\Program Files\nodejs\node_modules\npm\node_modules\npm-registry-client\lib\request.js:302:12)
40 verbose stack     at CachingRegistryClient.<anonymous> (C:\Program Files\nodejs\node_modules\npm\node_modules\npm-registry-client\lib\request.js:290:14)
40 verbose stack     at Request._callback (C:\Program Files\nodejs\node_modules\npm\node_modules\npm-registry-client\lib\request.js:210:14)
40 verbose stack     at Request.self.callback (C:\Program Files\nodejs\node_modules\npm\node_modules\request\request.js:187:22)
40 verbose stack     at emitTwo (events.js:106:13)
40 verbose stack     at Request.emit (events.js:191:7)
40 verbose stack     at Request.<anonymous> (C:\Program Files\nodejs\node_modules\npm\node_modules\request\request.js:1048:10)
40 verbose stack     at emitOne (events.js:96:13)
40 verbose stack     at Request.emit (events.js:188:7)
40 verbose stack     at IncomingMessage.<anonymous> (C:\Program Files\nodejs\node_modules\npm\node_modules\request\request.js:969:12)
41 verbose statusCode 403
42 verbose pkgid simplifyjs
43 verbose cwd F:\dev\simplifyLibrary
44 error Windows_NT 10.0.14393
45 error argv "C:\\Program Files\\nodejs\\node.exe" "C:\\Program Files\\nodejs\\node_modules\\npm\\bin\\npm-cli.js" "publish"
46 error node v6.11.2
47 error npm  v3.10.10
48 error code E403
49 error Package name too similar to existing packages; try renaming your package to '@yuricoden/simplifyjs' and publishing with 'npm publish --access=public' instead : simplifyjs
50 error If you need help, you may report this error at:
50 error     <https://github.com/npm/npm/issues>
51 verbose exit [ 1, true ]
